20231115	00:29:35	6353b396-2bbb-4d25-bf85-2dbd646973d9	GET	/l	undefined
20231115	00:29:35	18ffc87d-5c91-457e-b32a-41748e1e2f00	GET	/stylesheets/style.css	undefined
20231115	00:30:24	7bd63d4e-0e33-4327-958b-049e5909e55b	GET	/	undefined
20231115	00:30:24	92fcdbc2-76dd-40ef-87e4-10400f5e836c	GET	/stylesheets/style.css	undefined
20231115	03:05:35	c60c4cfa-1cdb-481c-9655-f5b10400e4e1	GET	/	undefined
20231115	03:05:35	ebb8ab82-fb6b-4dde-89e8-8a262de4e2a4	GET	/stylesheets/style.css	undefined
20231116	01:37:38	adeae12b-be19-40c9-9036-b5102d154297	GET	/	undefined
20231116	01:37:39	d5e48c07-842c-48c6-9d3b-26f90538b1de	GET	/stylesheets/style.css	undefined
20231116	01:37:39	d7c4e168-7b53-40ae-89da-f0941e0e37be	GET	/favicon.ico	undefined
20231116	01:38:38	186ca971-654a-4cb9-9ca3-bf862d914b0e	GET	/	undefined
20231116	01:40:34	1e432ca3-40fb-4e94-8028-5862910ab6df	GET	/users	undefined
20231116	01:50:45	84519b22-5b74-4e07-a24e-a8456d321eca	GET	/users	undefined
20231116	01:53:16	cdb0423d-228b-4afb-88a9-e055afe43b71	GET	/users	undefined
20231116	01:55:53	74df7fa7-8dbb-4914-895b-83113fa069a2	GET	/users	undefined
20231116	01:56:18	00d33053-5224-499f-96d4-3b7af1935227	GET	/users	undefined
20231116	02:02:06	28c5eb15-366b-4127-8da9-d9bd9c8fa8d9	POST	/users	undefined
20231116	02:02:40	cf3062ae-09e0-421d-9f7a-1a4925248e93	POST	/users	undefined
20231116	02:02:53	4ef52c4b-c3d0-43f8-a81f-8d6918f902c9	GET	/users	undefined
20231116	02:05:28	2baf8f50-0bee-4e68-aed1-876fddc7a89b	GET	/users	undefined
20231116	02:06:54	1d2483fc-1fcd-4d5a-94ae-578614d87165	POST	/users	undefined
20231116	02:07:14	83d4786c-eac6-4a1e-a07f-3d05a0e86f4d	POST	/users	undefined
20231116	02:08:38	3e4a23ac-ceb8-4186-b624-7e83fcf369a1	POST	/users	undefined
20231116	02:09:49	624e9ced-9cd7-47a5-aa1b-c8b8b39b2dcc	POST	/users	undefined
20231116	02:10:11	2d62a851-39c4-44c9-9843-12638be9f34a	POST	/users	undefined
20231116	02:11:57	c9606a9c-6aea-4c8f-b330-d537d5fc2908	GET	/users	undefined
20231116	08:46:32	53e1be75-6aad-40f0-9592-69fc42ef8e62	GET	/users	undefined
20231116	08:47:25	26db0fb5-88d4-4686-ba76-2c342844dd91	PATCH	/users	undefined
20231116	08:47:53	3fb2d327-f135-4367-b9aa-fd99dc55764e	PATCH	/users	undefined
20231116	08:48:01	5a9c782c-cb29-43cd-b79c-647dd477d5b1	PATCH	/users	undefined
20231116	08:48:42	d792a831-814b-47db-893c-cdbe935fbf33	PATCH	/users	undefined
20231116	08:48:59	4dbc0e2a-8254-458d-ba31-3d3ea5f7d14a	GET	/users	undefined
20231116	08:50:46	381e0b00-13b4-4ae6-88f6-9f7d44b2e971	PATCH	/users	undefined
20231116	08:50:51	ab259e27-d3de-4663-a114-6fc593d1cfd5	GET	/users	undefined
20231116	08:51:04	0999a0aa-3fcc-4d24-8199-a33dc4a8570d	PATCH	/users	undefined
20231116	08:53:09	7d7e47b4-ae2e-47ad-93b4-3dc3bc70e9f4	PATCH	/users	undefined
20231116	08:53:55	40311cca-8e96-4cef-a471-e015963a299d	GET	/users	undefined
20231116	08:54:11	a52ff731-1640-45fb-bb3b-eb51195896c3	POST	/users	undefined
20231116	08:54:15	1c0d6d16-529b-4025-bbba-e272080bb659	GET	/users	undefined
20231116	08:55:28	caa71a7d-7826-4b00-9af6-8cc267ad1150	PATCH	/users	undefined
20231116	08:55:35	62ec65d3-4ae2-4b4b-85a2-2738bd59f1f2	PATCH	/users	undefined
20231116	08:55:44	fa1ed7d1-89d3-4e98-b4bb-cd71e9fae40c	GET	/users	undefined
20231116	09:02:16	d08f3e48-caa5-4ed1-ac9b-66054c583918	GET	/users	undefined
20231116	09:03:09	0a409119-441d-4248-b1d3-9cabcbd3e4f9	DELETE	/users	undefined
20231116	09:03:31	2547ab4a-2535-48eb-893f-83b771a02aba	GET	/users	undefined
20231116	09:03:37	093e1582-4a30-4ff1-982d-cdb94a1a09ad	DELETE	/users	undefined
20231116	09:04:08	992d7fd9-32e9-4ff5-bb1b-2a18e4d5ca11	DELETE	/users	undefined
20231116	09:04:31	a7b358c6-6f27-4ca8-b75a-1bac1058e8e6	DELETE	/users	undefined
20231116	09:04:38	a55cb0b1-6745-48fa-ac6f-7f5fbd3cab92	DELETE	/users	undefined
20231116	09:06:19	c074df8f-fde5-49da-b056-39fac179d4c9	POST	/users	undefined
20231116	09:06:23	68faefde-6f8d-4611-98d1-5d947a34503f	GET	/users	undefined
20231116	09:06:53	ce679932-1a1b-42b9-b5a8-137b93552f81	DELETE	/users	undefined
20231116	09:06:59	c4e80bdb-d1a3-4641-a8fd-01a7747551b7	DELETE	/users	undefined
20231116	09:08:20	0df2b0a0-ae51-4c29-97a4-ed0ad0bc7a39	DELETE	/users	undefined
20231116	09:08:35	0adb41f5-8760-481d-a42b-f2d4378671fa	GET	/users	undefined
20231116	09:09:00	453615ad-f094-4ba2-8b04-a2cf5ae9ec33	DELETE	/users	undefined
20231116	09:09:08	c48603fd-3916-40aa-87bf-18afd3266c78	DELETE	/users	undefined
20231116	09:10:03	015101e6-9634-48c2-973a-0afe218a32ae	POST	/users	undefined
20231116	09:10:07	ddc11f27-aa41-4ef3-b83a-1ef8bd519887	GET	/users	undefined
20231116	09:10:25	b125ac46-158b-43ed-89cd-10c5a5e24860	DELETE	/users	undefined
20231116	09:11:48	5fa60b32-dcf8-461a-9f79-5dbf39adc91a	GET	/users	undefined
20231116	09:12:37	07fa0806-be74-47c9-94b9-95a81eb773e0	DELETE	/users	undefined
20231116	09:12:45	3b589173-b2e4-44db-b8e7-8f3fef88d6ea	GET	/users	undefined
20231116	09:13:31	05821c26-7668-40f3-8f57-39cf0d96fbca	PATCH	/users	undefined
20231116	09:13:37	f93d0eef-b7f0-4e4f-b492-e05b7de0e9e0	POST	/users	undefined
20231116	09:13:41	d2e4ba18-f724-4ce6-8912-9f7811b4827e	GET	/users	undefined
20231116	09:19:21	1a9e3216-b22e-442f-86b4-1f2d13a6e390	GET	/posts	undefined
20231116	09:19:38	d910c34c-9cda-4976-89e9-cf17ddba1908	GET	/posts	undefined
20231116	09:21:48	6f5efe5f-2455-4430-8c45-17edd54eb3de	POST	/posts	undefined
20231116	09:23:30	6e251509-c8ea-4c01-9c9b-40bb85c16660	GET	/users	undefined
20231116	09:23:38	bf13dbcb-9129-4bb9-9a74-87324500ea0f	POST	/posts	undefined
20231116	09:23:53	b019fa98-2519-4e6d-9623-3951480cda29	POST	/posts	undefined
20231116	09:24:09	27d786f5-9c3b-4733-b26e-9566ca09ebfe	GET	/users	undefined
20231116	09:30:16	18f3bc5e-a7e2-46e6-8651-73a3b936a87b	GET	/posts	undefined
20231116	09:30:41	818c4cbe-a1e1-483b-b0f5-e664d2b82a18	POST	/posts	undefined
20231116	09:31:24	1c637ab2-0dd1-4198-8c85-5f028ebf3784	POST	/posts	undefined
20231116	09:31:45	3c0ad78d-c9bc-473a-a5e1-7e6d491959ac	GET	/users	undefined
20231116	09:34:08	fcac22c1-6052-4525-bf2e-05d539aa7991	POST	/posts	undefined
20231116	09:35:07	39720c19-48e2-488b-a012-c91b30134f2b	GET	/users	undefined
20231116	09:36:58	75837515-3861-4baa-b0d3-8bdf1a41c6e8	POST	/posts	undefined
20231116	09:37:17	b72300c0-4ea9-4235-bd77-216b5262c8d8	GET	/posts	undefined
20231116	10:13:45	ee3b8f9f-f007-42a0-89a6-ac68c064e12e	POST	/posts	undefined
20231116	10:14:56	84f137d6-192b-4c75-9a07-9d620b938594	GET	/users	undefined
20231116	10:15:36	d540ec77-6e26-45e5-8867-08aadbe6c6dd	POST	/posts	undefined
20231116	10:15:45	b487c934-ec28-4857-8e3f-668d9cc92128	GET	/users	undefined
20231116	10:15:56	7fa1c5ba-02e9-4400-8d7d-2a48d54592dd	GET	/posts	undefined
20231116	10:19:25	de007a6f-79de-4dfd-bbce-acfa65b55a25	GET	/users	undefined
20231116	10:19:36	676fc2a1-9d78-40fd-b520-3bbc448856b7	GET	/posts	undefined
20231116	10:19:53	f0128d15-8298-4365-924f-e72265f567fb	POST	/posts	undefined
20231116	10:19:55	6f1c126e-7977-401a-9151-7cba1e0a7811	GET	/posts	undefined
20231116	10:19:59	c2af69af-df4e-4faa-ab1c-c1e45ee32527	GET	/favicon.ico	undefined
20231116	10:20:44	e97bb10a-a68f-466b-8782-eecfcd6b8d8c	POST	/posts	undefined
20231116	10:21:36	a5300ef0-1dc4-4fbc-80db-ffe98661b72e	POST	/posts	undefined
20231116	10:21:58	9badc078-dbfb-4f14-af1a-b4774795601c	POST	/posts	undefined
20231116	10:22:04	5bd2afb8-c47b-4540-9c71-873708fed592	POST	/posts	undefined
20231116	10:24:03	d4f911f1-c157-409f-944e-2bbc6c13d802	POST	/posts	undefined
20231116	10:24:07	e1585434-2f5d-4b01-998f-0fb53eb6b9f6	GET	/posts	undefined
20231116	10:25:10	d949e839-f0fb-40d8-9989-f8008290f0d6	PATCH	/posts	undefined
20231116	10:25:15	9a165156-4999-4b80-8db8-adc1dded78ee	PATCH	/posts	undefined
20231116	10:25:33	bc8afe66-347b-4060-9aa4-4bc2f180b9ff	PATCH	/posts	undefined
20231116	10:25:45	b5e91137-e65b-4021-9e54-a4b8f6327301	PATCH	/posts	undefined
20231116	10:25:58	1e6db490-3c7f-48b0-996c-d96404c5b297	GET	/posts	undefined
20231116	10:27:15	1fd27380-39a7-42aa-a0c9-e71f2df42f6c	PATCH	/posts	undefined
20231116	10:27:22	e274bec7-f7f2-4dc1-a31a-478657a4da03	GET	/posts	undefined
20231116	10:27:44	11e51e26-dac5-4b9b-8ca9-67cd9b9d4c04	PATCH	/posts	undefined
20231116	10:27:52	d9197c10-c118-4732-b16d-4b9beb23626f	GET	/posts	undefined
20231116	10:28:27	11a90def-7d61-4b64-b74d-a7813860ea34	PATCH	/posts	undefined
20231116	10:30:17	62f81da6-d980-4c77-a276-05e3d0680c9a	PATCH	/posts	undefined
20231116	10:30:30	abcb70fa-866e-4b15-adb4-4e70eb06e1e9	PATCH	/posts	undefined
20231116	10:35:53	d6a332a8-314e-4d46-aac6-7505cda66c0a	PATCH	/posts	undefined
20231116	10:37:44	2f42fc0b-89e7-4384-8f6a-620508677b17	PATCH	/posts	undefined
20231116	10:38:14	dfd0d964-2a62-4c55-ac2a-1584bdd7a9f1	PATCH	/posts	undefined
20231116	10:38:24	e28ced15-7837-4983-8d56-adcd433dea7e	PATCH	/posts	undefined
20231116	10:38:46	8eca913d-72dd-4dcb-b51c-4310e051fc4f	PATCH	/posts	undefined
20231116	10:43:27	f220db78-d1a1-4e5f-8f13-de787b4f3780	DELETE	/posts	undefined
20231116	10:43:33	4393797f-5a0c-4d48-a248-35b9715f1679	DELETE	/posts	undefined
20231116	10:43:46	1d6d70f5-c065-4573-a876-2e45559e6cb6	GET	/posts	undefined
20231116	10:45:22	ac9e3175-1a2b-428c-974f-7b8dec931c8a	GET	/posts	undefined
20231116	10:45:45	4c7ee62a-2924-4860-844b-92bd63de4cca	DELETE	/posts	undefined
20231116	10:46:06	f5783aca-bc12-49ef-8651-f68f5a68ce53	GET	/posts	undefined
20231116	10:48:05	469ebd9c-ac9b-4f85-b28f-8f02e939b83d	POST	/posts	undefined
20231116	10:48:16	a4ba382b-a950-4105-b7ed-371ef08218df	GET	/posts	undefined
20231116	10:48:43	8cd5658a-4cec-4d6a-b414-a4c40718614c	DELETE	/posts	undefined
20231116	10:48:52	c71fed1e-3ff0-4178-86fd-7085e93150e6	GET	/posts	undefined
20231116	10:49:10	d6885494-81d9-4e73-92d4-bfbb8755a423	GET	/users	undefined
20231116	10:49:38	974c3a89-bf59-4b5f-82fe-5aa7d7f1205a	DELETE	/users	undefined
20231116	10:49:51	c7a3a433-69a4-4f01-ab19-a54d59b2b8c4	GET	/posts	undefined
20231116	10:52:08	e19021fe-533a-476b-92f0-c14b33b304ca	GET	/users	undefined
20231116	10:52:13	af207ed9-f0f4-48f8-bacf-23fcd47fc987	POST	/users	undefined
20231116	10:52:17	b3167555-c1bf-46a0-b721-cf9a8521328b	GET	/users	undefined
20231116	10:52:25	83d6458e-9dae-452e-ac09-0670dd7d21a4	GET	/posts	undefined
20231116	10:52:40	fc5be9de-1134-4207-996d-4ef957ce8423	POST	/posts	undefined
20231116	10:52:55	540d13d0-7771-4615-a94a-b87e83a2b0ea	POST	/posts	undefined
20231116	10:52:59	c7fcf9ca-52bd-42b9-bd51-cc45285a73a8	GET	/posts	undefined
20231116	10:53:36	bcfd0051-3ff6-4e91-93b7-1e8b46e9e0dd	GET	/posts	undefined
20231116	10:54:31	c5882408-36a7-423a-8b6b-4acda1c9fffb	GET	/users	undefined
20231116	10:55:04	36e241d8-77e3-4119-8fa5-eaeb61b22ad2	DELETE	/users	undefined
20231116	10:55:17	c7034c45-4449-41fb-8009-cd4be110c3e6	GET	/users	undefined
20231116	11:54:28	4e5d66e0-d742-4af1-b362-91e1a7e62081	GET	/users	undefined
20231116	11:54:47	b08e1235-07e7-4844-96a6-e5c0d1c2b841	GET	/posts	undefined
20231116	11:56:01	187072ce-b089-49e6-849e-0db0b97ae784	GET	/comments	undefined
20231116	12:00:23	6bde5416-0a08-48a5-8358-64ce42b8d68c	GET	/comments	undefined
20231116	12:00:39	11ec552e-c697-4f45-9563-5bc6c7758dcc	GET	/posts	undefined
20231116	12:01:01	66813813-f52f-45c9-a542-4d3907a995a6	GET	/comments	undefined
20231116	12:02:09	3781a9af-63db-4a79-8536-3baea3aff9af	GET	/comments	undefined
20231116	12:03:33	47d1059f-213e-4d3a-b928-def8e6531baa	GET	/comments	undefined
20231116	12:08:32	39fc6828-06ea-4b82-a339-8c1b592ceeca	GET	/comments	undefined
20231116	12:14:28	66b65002-86a5-46f9-9583-42af0e5dd82f	POST	/comments	undefined
20231116	12:15:03	319d21e0-4565-4240-92c1-453c29e41090	GET	/comments	undefined
20231116	12:19:43	587998d5-a2e3-4d3c-8b53-af312942248f	GET	/comments/list	undefined
20231116	12:20:21	1d4f9368-de53-434d-a9ce-ec7187bd1e36	GET	/users	undefined
20231116	12:20:28	5fb3729e-e459-467b-9717-a83f7b44258f	GET	/comments/list	undefined
20231116	12:20:54	161c45db-3eb2-436f-bdcb-831c29fb11a0	GET	/comments	undefined
20231116	12:21:45	acac4013-ca4a-4206-a928-3cef6395edf9	POST	/comments	undefined
20231116	12:26:46	efe07e08-a122-47c8-8b36-b456b5d01727	GET	/users	undefined
20231116	12:27:08	78f439b3-95c7-4797-a2b3-6028d678fc06	GET	/posts	undefined
20231116	12:29:01	62759454-09ae-49e0-8eac-9cb75ab4245b	GET	/comments/list	undefined
20231116	12:29:08	2bba9c31-3982-46b1-bbdc-c85d17aa50f0	POST	/comments	undefined
20231116	12:36:42	fbc1ecd8-b8d0-4a97-9435-ce1727e89f05	GET	/comments/list	undefined
20231116	12:37:25	0987795a-f9a0-4864-8223-7a88cfab57ac	GET	/comments/list	undefined
20231116	12:39:17	980211b0-b665-4354-a2dd-89a398f87d9b	GET	/comments/list	undefined
20231116	12:40:44	f1eb09dc-2c58-4f74-8b2a-442ba8ff23a7	GET	/comments/list	undefined
20231116	12:41:51	dbe27de9-f950-434f-b2f2-cd188cd444e2	GET	/comments/list	undefined
20231116	12:42:56	f494e95f-dce4-4e4e-868d-ec9b1c42f21d	GET	/comments	undefined
20231116	12:43:10	c985dd78-2b7c-4bc6-8e50-6f93fef0d549	GET	/comments/list	undefined
20231116	12:49:15	f2444655-e8ae-41c2-b609-e7d24a8b821b	POST	/comments	undefined
20231116	12:49:39	05a8daf7-7d51-45da-8c2a-24f1543ef3e5	POST	/comments	undefined
20231116	12:54:11	dd63f4ab-193d-4273-ab2c-fd52ad41065d	POST	/comments	undefined
20231116	12:55:26	3da58ca4-9dab-4308-88ce-aba25b96f08d	POST	/comments	undefined
20231116	12:56:22	ca5649a2-0c6f-46b6-9eda-cd924d728147	POST	/comments	undefined
20231116	12:57:36	7b31dcd3-aba4-4717-a155-7f80cd1aa9c3	POST	/comments	undefined
20231116	13:00:07	48c63682-e9c3-47b8-ba57-fc3d8696c9b2	POST	/comments	undefined
20231116	13:02:30	cb49bd85-8665-46a8-bdf4-278c50d9954a	GET	/posts	undefined
20231116	13:03:58	5cc5f919-d14c-4acc-bf66-4e77b09552b0	POST	/comments	undefined
20231116	13:04:15	5ab30111-1749-4c3d-867d-e261a4158915	GET	/posts	undefined
20231116	13:04:38	5940503a-06d1-42bd-ad5a-ec89b208cdf3	GET	/comments	undefined
20231116	13:04:46	76e36bda-18c2-4743-81e2-c8f5e35971e8	GET	/comments/list	undefined
20231116	13:05:02	78ae2dcc-2f28-4457-a1e3-0805eab7505e	GET	/comments	undefined
20231116	13:07:59	59496876-e041-4e0c-ba97-3034da541bf0	POST	/comments	undefined
20231116	13:09:54	972ebd7f-872d-437f-b245-457a890e3460	GET	/comments	undefined
20231116	13:12:52	018ef4b2-a813-4c49-a60d-df4858a4b030	POST	/comments	undefined
20231116	13:12:59	eb21ab66-9154-4ccb-a814-9c9ab2bc739d	GET	/comments	undefined
20231116	13:15:18	0cb09175-ca1f-43ec-839a-20a8e5a21b4e	POST	/comments	undefined
20231116	13:15:41	cafd35f4-442e-403e-8602-d6b13045a502	POST	/comments	undefined
20231116	13:15:48	150d4171-f97b-4f45-94b8-9c6f9eba2acb	POST	/comments	undefined
20231116	13:18:44	0ae98b02-9de5-4d5f-96d0-af540f22136f	GET	/comments/list	undefined
20231116	17:29:04	bfed3dcf-516d-453f-b0ca-bf320ff63cd0	PATCH	/comments	undefined
20231116	17:29:21	314467eb-2c33-48e6-ab47-62f03e86ea79	GET	/comments	undefined
20231116	17:29:35	159c64f4-ed73-47db-a41f-11f519d6cecc	GET	/comments/list	undefined
20231116	21:35:20	6f672f4a-3b1f-4a60-a37e-401ca87cd55a	PATCH	/comments	undefined
20231116	21:35:39	13256f04-7686-4865-8dc9-cdac8758ff8b	GET	/comments/list	undefined
20231116	21:36:03	852cb7dc-67f4-4430-a62d-123f8c5f8e2c	GET	/comments	undefined
20231116	21:36:33	187962a3-2b6b-49f3-8c13-d15ae38cd678	PATCH	/comments	undefined
20231116	21:36:42	139d4c26-0569-4681-9495-d07f04b68053	GET	/comments	undefined
20231116	21:37:38	8f4b36b7-4506-4c5a-b3f4-e7ea3e823e7e	GET	/posts	undefined
20231116	21:38:20	4a40ea28-ecc9-4f68-ba2f-b29513237a81	GET	/comments	undefined
20231116	21:38:48	32446a99-65de-466a-8598-9befba49f6c4	PATCH	/comments	undefined
20231116	21:40:14	2b72ae03-c6fa-4fcc-ae2f-3b7d99418c27	PATCH	/comments	undefined
20231116	21:41:25	9a8c29a8-ff2c-4e90-842e-9b972917e4a5	GET	/comments	undefined
20231116	21:41:43	ddb72e1b-9c89-4094-a78b-07b038dcaa76	PATCH	/comments	undefined
20231116	21:42:13	7dfdbf65-abbd-46b8-8bf7-874227cb3290	PATCH	/comments	undefined
20231116	21:48:55	6d95c4b9-a6f2-4ef1-b6ff-02d1967cc1be	PATCH	/comments	undefined
20231116	21:56:55	f927a8ec-8ead-417f-8132-e9afab6b82a1	GET	/comments	undefined
20231116	21:58:11	17b54497-eabd-4fe7-be19-164ba55c3b5e	PATCH	/comments	undefined
20231116	21:58:33	97eff1bf-a925-4aa0-aaf2-415e6a03a178	GET	/comments	undefined
20231116	21:59:19	c1eaa959-9822-4c70-b581-fc6ed6c98a52	PATCH	/comments	undefined
20231116	21:59:31	1ed1991d-de98-4814-94af-0399a44155a7	GET	/comments	undefined
20231116	21:59:47	575a4224-0a9d-45c1-bcba-042704648e68	GET	/comments/list	undefined
20231116	22:03:09	28698c58-2a33-4154-8461-2cf736a7a553	PATCH	/comments	undefined
20231116	22:03:17	28a677c0-212f-4e10-b789-6919a8a97a85	GET	/comments	undefined
20231116	22:05:00	be398651-660b-42f0-9be6-1910a7659342	PATCH	/comments	undefined
20231116	22:05:06	fa1b86d7-59e7-4303-9db0-4996aea73afd	GET	/comments	undefined
20231116	22:05:14	0ca02375-4245-4e18-9b23-c258c66b36bc	GET	/comments/list	undefined
20231116	22:08:18	743957d4-d33c-4275-b745-e44de82f210c	GET	/posts	undefined
20231116	22:22:47	7ccd693b-cd4d-4a42-aaf1-604506459a97	POST	/posts	undefined
20231116	22:23:06	e709fecb-6401-4c8a-9036-1bc5cf5f61f0	GET	/posts	undefined
20231116	22:23:50	b1866a26-dd47-4cb1-9ff6-bf9bd47514b8	DELETE	/posts	undefined
20231116	22:24:08	8b9e1ee7-6c52-4d1a-a63e-754d785fbe68	GET	/posts	undefined
20231116	22:28:16	fe5f28e3-7d37-4549-9cac-386703408629	DELETE	/comments	undefined
20231116	22:28:22	766d4238-fa2b-4b20-8c86-e210d1d8677e	DELETE	/comments	undefined
20231116	22:42:12	9f67d96b-655c-4860-a0b6-3230cd42d883	DELETE	/comments	undefined
20231116	22:42:25	d096a16e-e957-4788-b7dd-9ff5ac352069	GET	/comments	undefined
20231116	22:42:33	3cb45e00-1fcb-4ab0-a064-b01e4f4ae8ce	GET	/comments/list	undefined
